<?xml version="1.0" encoding="UTF-8"?>
<testsuite name="se.kth.sda.skeleton.SkeletonApplicationTests" tests="1" skipped="0" failures="0" errors="0" timestamp="2020-11-18T11:09:21" hostname="SDA-Lund-44-mbpro" time="0.152">
  <properties/>
  <testcase name="contextLoads()" classname="se.kth.sda.skeleton.SkeletonApplicationTests" time="0.152"/>
  <system-out><![CDATA[12:09:16.105 [Test worker] DEBUG org.springframework.test.context.BootstrapUtils - Instantiating CacheAwareContextLoaderDelegate from class [org.springframework.test.context.cache.DefaultCacheAwareContextLoaderDelegate]
12:09:16.124 [Test worker] DEBUG org.springframework.test.context.BootstrapUtils - Instantiating BootstrapContext using constructor [public org.springframework.test.context.support.DefaultBootstrapContext(java.lang.Class,org.springframework.test.context.CacheAwareContextLoaderDelegate)]
12:09:16.188 [Test worker] DEBUG org.springframework.test.context.BootstrapUtils - Instantiating TestContextBootstrapper for test class [se.kth.sda.skeleton.SkeletonApplicationTests] from class [org.springframework.boot.test.context.SpringBootTestContextBootstrapper]
12:09:16.210 [Test worker] INFO org.springframework.boot.test.context.SpringBootTestContextBootstrapper - Neither @ContextConfiguration nor @ContextHierarchy found for test class [se.kth.sda.skeleton.SkeletonApplicationTests], using SpringBootContextLoader
12:09:16.215 [Test worker] DEBUG org.springframework.test.context.support.AbstractContextLoader - Did not detect default resource location for test class [se.kth.sda.skeleton.SkeletonApplicationTests]: class path resource [se/kth/sda/skeleton/SkeletonApplicationTests-context.xml] does not exist
12:09:16.216 [Test worker] DEBUG org.springframework.test.context.support.AbstractContextLoader - Did not detect default resource location for test class [se.kth.sda.skeleton.SkeletonApplicationTests]: class path resource [se/kth/sda/skeleton/SkeletonApplicationTestsContext.groovy] does not exist
12:09:16.216 [Test worker] INFO org.springframework.test.context.support.AbstractContextLoader - Could not detect default resource locations for test class [se.kth.sda.skeleton.SkeletonApplicationTests]: no resource found for suffixes {-context.xml, Context.groovy}.
12:09:16.217 [Test worker] INFO org.springframework.test.context.support.AnnotationConfigContextLoaderUtils - Could not detect default configuration classes for test class [se.kth.sda.skeleton.SkeletonApplicationTests]: SkeletonApplicationTests does not declare any static, non-private, non-final, nested classes annotated with @Configuration.
12:09:16.282 [Test worker] DEBUG org.springframework.test.context.support.ActiveProfilesUtils - Could not find an 'annotation declaring class' for annotation type [org.springframework.test.context.ActiveProfiles] and class [se.kth.sda.skeleton.SkeletonApplicationTests]
12:09:16.349 [Test worker] DEBUG org.springframework.context.annotation.ClassPathScanningCandidateComponentProvider - Identified candidate component class: file [/Users/sudhabommakanti/Documents/travel-forum-team-6/build/classes/java/main/se/kth/sda/skeleton/SkeletonApplication.class]
12:09:16.350 [Test worker] INFO org.springframework.boot.test.context.SpringBootTestContextBootstrapper - Found @SpringBootConfiguration se.kth.sda.skeleton.SkeletonApplication for test class se.kth.sda.skeleton.SkeletonApplicationTests
12:09:16.429 [Test worker] DEBUG org.springframework.boot.test.context.SpringBootTestContextBootstrapper - @TestExecutionListeners is not present for class [se.kth.sda.skeleton.SkeletonApplicationTests]: using defaults.
12:09:16.430 [Test worker] INFO org.springframework.boot.test.context.SpringBootTestContextBootstrapper - Loaded default TestExecutionListener class names from location [META-INF/spring.factories]: [org.springframework.security.test.context.support.WithSecurityContextTestExecutionListener, org.springframework.security.test.context.support.ReactorContextTestExecutionListener, org.springframework.boot.test.autoconfigure.restdocs.RestDocsTestExecutionListener, org.springframework.boot.test.autoconfigure.web.client.MockRestServiceServerResetTestExecutionListener, org.springframework.boot.test.autoconfigure.web.servlet.MockMvcPrintOnlyOnFailureTestExecutionListener, org.springframework.boot.test.autoconfigure.web.servlet.WebDriverTestExecutionListener, org.springframework.boot.test.mock.mockito.MockitoTestExecutionListener, org.springframework.boot.test.mock.mockito.ResetMocksTestExecutionListener, org.springframework.test.context.web.ServletTestExecutionListener, org.springframework.test.context.support.DirtiesContextBeforeModesTestExecutionListener, org.springframework.test.context.support.DependencyInjectionTestExecutionListener, org.springframework.test.context.support.DirtiesContextTestExecutionListener, org.springframework.test.context.transaction.TransactionalTestExecutionListener, org.springframework.test.context.jdbc.SqlScriptsTestExecutionListener, org.springframework.test.context.event.EventPublishingTestExecutionListener]
12:09:16.450 [Test worker] INFO org.springframework.boot.test.context.SpringBootTestContextBootstrapper - Using TestExecutionListeners: [org.springframework.test.context.web.ServletTestExecutionListener@15b03769, org.springframework.test.context.support.DirtiesContextBeforeModesTestExecutionListener@3691b5bc, org.springframework.boot.test.mock.mockito.MockitoTestExecutionListener@4737d30, org.springframework.boot.test.autoconfigure.SpringBootDependencyInjectionTestExecutionListener@51e278df, org.springframework.test.context.support.DirtiesContextTestExecutionListener@457d16f5, org.springframework.test.context.transaction.TransactionalTestExecutionListener@7e7a77b3, org.springframework.test.context.jdbc.SqlScriptsTestExecutionListener@61ff1fb1, org.springframework.security.test.context.support.WithSecurityContextTestExecutionListener@2319b7d1, org.springframework.test.context.event.EventPublishingTestExecutionListener@e7ed7f9, org.springframework.security.test.context.support.ReactorContextTestExecutionListener@2314fe6a, org.springframework.boot.test.autoconfigure.restdocs.RestDocsTestExecutionListener@3a8f7f2e, org.springframework.boot.test.autoconfigure.web.client.MockRestServiceServerResetTestExecutionListener@5446e091, org.springframework.boot.test.autoconfigure.web.servlet.MockMvcPrintOnlyOnFailureTestExecutionListener@2c7f34ff, org.springframework.boot.test.autoconfigure.web.servlet.WebDriverTestExecutionListener@289c68b4, org.springframework.boot.test.mock.mockito.ResetMocksTestExecutionListener@69ab0486]
12:09:16.454 [Test worker] DEBUG org.springframework.test.context.support.AbstractDirtiesContextTestExecutionListener - Before test class: context [DefaultTestContext@1edd820d testClass = SkeletonApplicationTests, testInstance = [null], testMethod = [null], testException = [null], mergedContextConfiguration = [WebMergedContextConfiguration@3fadfc38 testClass = SkeletonApplicationTests, locations = '{}', classes = '{class se.kth.sda.skeleton.SkeletonApplication}', contextInitializerClasses = '[]', activeProfiles = '{}', propertySourceLocations = '{}', propertySourceProperties = '{org.springframework.boot.test.context.SpringBootTestContextBootstrapper=true}', contextCustomizers = set[org.springframework.boot.test.autoconfigure.properties.PropertyMappingContextCustomizer@0, org.springframework.boot.test.autoconfigure.web.servlet.WebDriverContextCustomizerFactory$Customizer@5e3b7b98, org.springframework.boot.test.context.filter.ExcludeFilterContextCustomizer@12ac79da, org.springframework.boot.test.json.DuplicateJsonObjectContextCustomizerFactory$DuplicateJsonObjectContextCustomizer@623e3825, org.springframework.boot.test.mock.mockito.MockitoContextCustomizer@0, org.springframework.boot.test.web.client.TestRestTemplateContextCustomizer@25db089], resourceBasePath = 'src/main/webapp', contextLoader = 'org.springframework.boot.test.context.SpringBootContextLoader', parent = [null]], attributes = map['org.springframework.test.context.web.ServletTestExecutionListener.activateListener' -> true]], class annotated with @DirtiesContext [false] with mode [null].
12:09:16.478 [Test worker] DEBUG org.springframework.test.context.support.TestPropertySourceUtils - Adding inlined properties to environment: {spring.jmx.enabled=false, org.springframework.boot.test.context.SpringBootTestContextBootstrapper=true, server.port=-1}

  .   ____          _            __ _ _
 /\\ / ___'_ __ _ _(_)_ __  __ _ \ \ \ \
( ( )\___ | '_ | '_| | '_ \/ _` | \ \ \ \
 \\/  ___)| |_)| | | | | || (_| |  ) ) ) )
  '  |____| .__|_| |_|_| |_\__, | / / / /
 =========|_|==============|___/=/_/_/_/
 :: Spring Boot ::        (v2.2.0.RELEASE)

2020-11-18 12:09:16.925  INFO 32436 --- [    Test worker] s.k.s.skeleton.SkeletonApplicationTests  : Starting SkeletonApplicationTests on SDA-Lund-44-mbpro with PID 32436 (started by sudhabommakanti in /Users/sudhabommakanti/Documents/travel-forum-team-6)
2020-11-18 12:09:16.927  INFO 32436 --- [    Test worker] s.k.s.skeleton.SkeletonApplicationTests  : No active profile set, falling back to default profiles: default
2020-11-18 12:09:17.721  INFO 32436 --- [    Test worker] .s.d.r.c.RepositoryConfigurationDelegate : Bootstrapping Spring Data repositories in DEFAULT mode.
2020-11-18 12:09:17.789  INFO 32436 --- [    Test worker] .s.d.r.c.RepositoryConfigurationDelegate : Finished Spring Data repository scanning in 57ms. Found 1 repository interfaces.
2020-11-18 12:09:18.182  INFO 32436 --- [    Test worker] trationDelegate$BeanPostProcessorChecker : Bean 'org.springframework.transaction.annotation.ProxyTransactionManagementConfiguration' of type [org.springframework.transaction.annotation.ProxyTransactionManagementConfiguration] is not eligible for getting processed by all BeanPostProcessors (for example: not eligible for auto-proxying)
2020-11-18 12:09:18.407  INFO 32436 --- [    Test worker] o.hibernate.jpa.internal.util.LogHelper  : HHH000204: Processing PersistenceUnitInfo [name: default]
2020-11-18 12:09:18.470  INFO 32436 --- [    Test worker] org.hibernate.Version                    : HHH000412: Hibernate Core {5.4.6.Final}
2020-11-18 12:09:18.631  INFO 32436 --- [    Test worker] o.hibernate.annotations.common.Version   : HCANN000001: Hibernate Commons Annotations {5.1.0.Final}
2020-11-18 12:09:18.732  INFO 32436 --- [    Test worker] com.zaxxer.hikari.HikariDataSource       : HikariPool-1 - Starting...
2020-11-18 12:09:18.837  INFO 32436 --- [    Test worker] com.zaxxer.hikari.HikariDataSource       : HikariPool-1 - Start completed.
2020-11-18 12:09:18.853  INFO 32436 --- [    Test worker] org.hibernate.dialect.Dialect            : HHH000400: Using dialect: org.hibernate.dialect.PostgreSQL95Dialect
Hibernate: drop table if exists account cascade
Hibernate: create table account (id  bigserial not null, email varchar(255), name varchar(100), password varchar(100), primary key (id))
Hibernate: alter table if exists account add constraint UK_q0uja26qgu1atulenwup9rxyr unique (email)
2020-11-18 12:09:19.990  INFO 32436 --- [    Test worker] o.h.e.t.j.p.i.JtaPlatformInitiator       : HHH000490: Using JtaPlatform implementation: [org.hibernate.engine.transaction.jta.platform.internal.NoJtaPlatform]
2020-11-18 12:09:19.995  INFO 32436 --- [    Test worker] j.LocalContainerEntityManagerFactoryBean : Initialized JPA EntityManagerFactory for persistence unit 'default'
2020-11-18 12:09:20.115  WARN 32436 --- [    Test worker] JpaBaseConfiguration$JpaWebConfiguration : spring.jpa.open-in-view is enabled by default. Therefore, database queries may be performed during view rendering. Explicitly configure spring.jpa.open-in-view to disable this warning
2020-11-18 12:09:21.120  INFO 32436 --- [    Test worker] o.s.s.web.DefaultSecurityFilterChain     : Creating filter chain: any request, [org.springframework.security.web.context.request.async.WebAsyncManagerIntegrationFilter@3bca2887, org.springframework.security.web.context.SecurityContextPersistenceFilter@181e885f, org.springframework.security.web.header.HeaderWriterFilter@2a32bb67, org.springframework.security.web.authentication.logout.LogoutFilter@1be05d0, se.kth.sda.skeleton.auth.JWTAuthFilter@619d4b25, org.springframework.security.web.savedrequest.RequestCacheAwareFilter@160f351c, org.springframework.security.web.servletapi.SecurityContextHolderAwareRequestFilter@26ae3e37, org.springframework.security.web.authentication.AnonymousAuthenticationFilter@75203bc0, org.springframework.security.web.session.SessionManagementFilter@59f4bd9, org.springframework.security.web.access.ExceptionTranslationFilter@21b1d6c4, org.springframework.security.web.access.intercept.FilterSecurityInterceptor@29a04d9e]
2020-11-18 12:09:21.470  INFO 32436 --- [    Test worker] o.s.s.concurrent.ThreadPoolTaskExecutor  : Initializing ExecutorService 'applicationTaskExecutor'
2020-11-18 12:09:21.695  WARN 32436 --- [    Test worker] ion$DefaultTemplateResolverConfiguration : Cannot find template location: classpath:/templates/ (please add some templates or check your Thymeleaf configuration)
2020-11-18 12:09:21.883  INFO 32436 --- [    Test worker] s.k.s.skeleton.SkeletonApplicationTests  : Started SkeletonApplicationTests in 5.395 seconds (JVM running for 6.782)
]]></system-out>
  <system-err><![CDATA[]]></system-err>
</testsuite>
